<?xml version="1.0" encoding="UTF-8"?>
<!-- Generated by org.testng.reporters.JUnitXMLReporter -->
<testsuite hostname="Automacao_PC" name="Test" tests="1" failures="1" timestamp="20 Dec 2016 20:30:00 GMT" time="201.522" errors="0">
  <testcase name="CT002_SolicitarExtratoPagamentoViaEmail" time="201.482" classname="br.com.bradesco.test.CN006_ExtratoDePagamento">
    <failure type="java.lang.AssertionError" message="null">
      <![CDATA[java.lang.AssertionError: null
	at br.com.bradesco.test.CN006_ExtratoDePagamento.CT002_SolicitarExtratoPagamentoViaEmail(CN006_ExtratoDePagamento.java:185)
... Removed 32 stack frames]]>
    </failure>
  </testcase> <!-- CT002_SolicitarExtratoPagamentoViaEmail -->
</testsuite> <!-- Test -->
